{"message":"Route found for /_default/ : {\"controller\":\"controllers\\\\IndexController\",\"action\":\"index\",\"mainParams\":null}","context":{"context":"Router","part":"getRouteUrlParts","extra":null},"level":200,"level_name":"INFO","channel":"s623c616d03eb9","datetime":"2022-03-24T13:25:25.524809+01:00","extra":{}}
{"message":"Route found for /_default/ : {\"controller\":\"controllers\\\\IndexController\",\"action\":\"index\",\"mainParams\":null}","context":{"context":"Router","part":"getRouteUrlParts","extra":null},"level":200,"level_name":"INFO","channel":"s623c616d03eb9","datetime":"2022-03-24T13:25:32.480789+01:00","extra":{}}
{"message":"Route found for /_default/ : {\"controller\":\"controllers\\\\IndexController\",\"action\":\"index\",\"mainParams\":null}","context":{"context":"Router","part":"getRouteUrlParts","extra":null},"level":200,"level_name":"INFO","channel":"s623c616d03eb9","datetime":"2022-03-24T13:49:30.070152+01:00","extra":{}}
{"message":"Route found for /_default/ : {\"controller\":\"controllers\\\\IndexController\",\"action\":\"index\",\"mainParams\":null}","context":{"context":"Router","part":"getRouteUrlParts","extra":null},"level":200,"level_name":"INFO","channel":"s623c616d03eb9","datetime":"2022-03-24T13:51:33.329435+01:00","extra":{}}
{"message":"Start transaction","context":{"context":"Transactions","part":"beginTransaction","extra":null},"level":200,"level_name":"INFO","channel":"s623c616d03eb9","datetime":"2022-03-24T13:51:48.138278+01:00","extra":{}}
{"message":"Route found for /_default/ : {\"controller\":\"controllers\\\\IndexController\",\"action\":\"index\",\"mainParams\":null}","context":{"context":"Router","part":"getRouteUrlParts","extra":null},"level":200,"level_name":"INFO","channel":"s623c616d03eb9","datetime":"2022-03-24T13:52:25.443824+01:00","extra":{}}
{"message":"SELECT COUNT(*) FROM `basket`","context":{"context":"Database","part":"prepareAndFetchColumn","extra":null},"level":200,"level_name":"INFO","channel":"s623c616d03eb9","datetime":"2022-03-24T13:52:35.868691+01:00","extra":{}}
{"message":"SELECT COUNT(*) FROM `basketdetail`","context":{"context":"Database","part":"prepareAndFetchColumn","extra":null},"level":200,"level_name":"INFO","channel":"s623c616d03eb9","datetime":"2022-03-24T13:52:35.870839+01:00","extra":{}}
{"message":"SELECT COUNT(*) FROM `employee`","context":{"context":"Database","part":"prepareAndFetchColumn","extra":null},"level":200,"level_name":"INFO","channel":"s623c616d03eb9","datetime":"2022-03-24T13:52:35.872161+01:00","extra":{}}
{"message":"SELECT COUNT(*) FROM `order`","context":{"context":"Database","part":"prepareAndFetchColumn","extra":null},"level":200,"level_name":"INFO","channel":"s623c616d03eb9","datetime":"2022-03-24T13:52:35.873020+01:00","extra":{}}
{"message":"SELECT COUNT(*) FROM `orderdetail`","context":{"context":"Database","part":"prepareAndFetchColumn","extra":null},"level":200,"level_name":"INFO","channel":"s623c616d03eb9","datetime":"2022-03-24T13:52:35.873657+01:00","extra":{}}
{"message":"SELECT COUNT(*) FROM `product`","context":{"context":"Database","part":"prepareAndFetchColumn","extra":null},"level":200,"level_name":"INFO","channel":"s623c616d03eb9","datetime":"2022-03-24T13:52:35.874407+01:00","extra":{}}
{"message":"SELECT COUNT(*) FROM `section`","context":{"context":"Database","part":"prepareAndFetchColumn","extra":null},"level":200,"level_name":"INFO","channel":"s623c616d03eb9","datetime":"2022-03-24T13:52:35.874998+01:00","extra":{}}
{"message":"SELECT COUNT(*) FROM `slot`","context":{"context":"Database","part":"prepareAndFetchColumn","extra":null},"level":200,"level_name":"INFO","channel":"s623c616d03eb9","datetime":"2022-03-24T13:52:35.876324+01:00","extra":{}}
{"message":"SELECT COUNT(*) FROM `timeslot`","context":{"context":"Database","part":"prepareAndFetchColumn","extra":null},"level":200,"level_name":"INFO","channel":"s623c616d03eb9","datetime":"2022-03-24T13:52:35.877106+01:00","extra":{}}
{"message":"SELECT COUNT(*) FROM `user`","context":{"context":"Database","part":"prepareAndFetchColumn","extra":null},"level":200,"level_name":"INFO","channel":"s623c616d03eb9","datetime":"2022-03-24T13:52:35.877883+01:00","extra":{}}
{"message":"Route found for /_default/ : {\"controller\":\"controllers\\\\IndexController\",\"action\":\"index\",\"mainParams\":null}","context":{"context":"Router","part":"getRouteUrlParts","extra":null},"level":200,"level_name":"INFO","channel":"s623c616d03eb9","datetime":"2022-03-24T13:54:19.077311+01:00","extra":{}}
{"message":"SELECT COUNT(*) FROM `basket`","context":{"context":"Database","part":"prepareAndFetchColumn","extra":null},"level":200,"level_name":"INFO","channel":"s623c616d03eb9","datetime":"2022-03-24T13:54:20.535420+01:00","extra":{}}
{"message":"SELECT COUNT(*) FROM `basketdetail`","context":{"context":"Database","part":"prepareAndFetchColumn","extra":null},"level":200,"level_name":"INFO","channel":"s623c616d03eb9","datetime":"2022-03-24T13:54:20.538533+01:00","extra":{}}
{"message":"SELECT COUNT(*) FROM `employee`","context":{"context":"Database","part":"prepareAndFetchColumn","extra":null},"level":200,"level_name":"INFO","channel":"s623c616d03eb9","datetime":"2022-03-24T13:54:20.539456+01:00","extra":{}}
{"message":"SELECT COUNT(*) FROM `order`","context":{"context":"Database","part":"prepareAndFetchColumn","extra":null},"level":200,"level_name":"INFO","channel":"s623c616d03eb9","datetime":"2022-03-24T13:54:20.540576+01:00","extra":{}}
{"message":"SELECT COUNT(*) FROM `orderdetail`","context":{"context":"Database","part":"prepareAndFetchColumn","extra":null},"level":200,"level_name":"INFO","channel":"s623c616d03eb9","datetime":"2022-03-24T13:54:20.541777+01:00","extra":{}}
{"message":"SELECT COUNT(*) FROM `product`","context":{"context":"Database","part":"prepareAndFetchColumn","extra":null},"level":200,"level_name":"INFO","channel":"s623c616d03eb9","datetime":"2022-03-24T13:54:20.542957+01:00","extra":{}}
{"message":"SELECT COUNT(*) FROM `section`","context":{"context":"Database","part":"prepareAndFetchColumn","extra":null},"level":200,"level_name":"INFO","channel":"s623c616d03eb9","datetime":"2022-03-24T13:54:20.544006+01:00","extra":{}}
{"message":"SELECT COUNT(*) FROM `slot`","context":{"context":"Database","part":"prepareAndFetchColumn","extra":null},"level":200,"level_name":"INFO","channel":"s623c616d03eb9","datetime":"2022-03-24T13:54:20.545124+01:00","extra":{}}
{"message":"SELECT COUNT(*) FROM `timeslot`","context":{"context":"Database","part":"prepareAndFetchColumn","extra":null},"level":200,"level_name":"INFO","channel":"s623c616d03eb9","datetime":"2022-03-24T13:54:20.546237+01:00","extra":{}}
{"message":"SELECT COUNT(*) FROM `user`","context":{"context":"Database","part":"prepareAndFetchColumn","extra":null},"level":200,"level_name":"INFO","channel":"s623c616d03eb9","datetime":"2022-03-24T13:54:20.547224+01:00","extra":{}}
{"message":"Route found for /_default/ : {\"controller\":\"controllers\\\\IndexController\",\"action\":\"index\",\"mainParams\":null}","context":{"context":"Router","part":"getRouteUrlParts","extra":null},"level":200,"level_name":"INFO","channel":"s623c616d03eb9","datetime":"2022-03-24T13:54:26.125339+01:00","extra":{}}
{"message":"SELECT COUNT(*) FROM `basket`","context":{"context":"Database","part":"prepareAndFetchColumn","extra":null},"level":200,"level_name":"INFO","channel":"s623c616d03eb9","datetime":"2022-03-24T13:54:27.131826+01:00","extra":{}}
{"message":"SELECT COUNT(*) FROM `basketdetail`","context":{"context":"Database","part":"prepareAndFetchColumn","extra":null},"level":200,"level_name":"INFO","channel":"s623c616d03eb9","datetime":"2022-03-24T13:54:27.133788+01:00","extra":{}}
{"message":"SELECT COUNT(*) FROM `employee`","context":{"context":"Database","part":"prepareAndFetchColumn","extra":null},"level":200,"level_name":"INFO","channel":"s623c616d03eb9","datetime":"2022-03-24T13:54:27.134363+01:00","extra":{}}
{"message":"SELECT COUNT(*) FROM `order`","context":{"context":"Database","part":"prepareAndFetchColumn","extra":null},"level":200,"level_name":"INFO","channel":"s623c616d03eb9","datetime":"2022-03-24T13:54:27.135008+01:00","extra":{}}
{"message":"SELECT COUNT(*) FROM `orderdetail`","context":{"context":"Database","part":"prepareAndFetchColumn","extra":null},"level":200,"level_name":"INFO","channel":"s623c616d03eb9","datetime":"2022-03-24T13:54:27.136037+01:00","extra":{}}
{"message":"SELECT COUNT(*) FROM `product`","context":{"context":"Database","part":"prepareAndFetchColumn","extra":null},"level":200,"level_name":"INFO","channel":"s623c616d03eb9","datetime":"2022-03-24T13:54:27.137389+01:00","extra":{}}
{"message":"SELECT COUNT(*) FROM `section`","context":{"context":"Database","part":"prepareAndFetchColumn","extra":null},"level":200,"level_name":"INFO","channel":"s623c616d03eb9","datetime":"2022-03-24T13:54:27.138645+01:00","extra":{}}
{"message":"SELECT COUNT(*) FROM `slot`","context":{"context":"Database","part":"prepareAndFetchColumn","extra":null},"level":200,"level_name":"INFO","channel":"s623c616d03eb9","datetime":"2022-03-24T13:54:27.140117+01:00","extra":{}}
{"message":"SELECT COUNT(*) FROM `timeslot`","context":{"context":"Database","part":"prepareAndFetchColumn","extra":null},"level":200,"level_name":"INFO","channel":"s623c616d03eb9","datetime":"2022-03-24T13:54:27.141101+01:00","extra":{}}
{"message":"SELECT COUNT(*) FROM `user`","context":{"context":"Database","part":"prepareAndFetchColumn","extra":null},"level":200,"level_name":"INFO","channel":"s623c616d03eb9","datetime":"2022-03-24T13:54:27.142177+01:00","extra":{}}
{"message":"Route found for /_default/ : {\"controller\":\"controllers\\\\IndexController\",\"action\":\"index\",\"mainParams\":null}","context":{"context":"Router","part":"getRouteUrlParts","extra":null},"level":200,"level_name":"INFO","channel":"s623c616d03eb9","datetime":"2022-03-24T13:56:54.331515+01:00","extra":{}}
{"message":"SELECT COUNT(*) FROM `basket`","context":{"context":"Database","part":"prepareAndFetchColumn","extra":null},"level":200,"level_name":"INFO","channel":"s623c616d03eb9","datetime":"2022-03-24T13:56:54.922387+01:00","extra":{}}
{"message":"SELECT COUNT(*) FROM `basketdetail`","context":{"context":"Database","part":"prepareAndFetchColumn","extra":null},"level":200,"level_name":"INFO","channel":"s623c616d03eb9","datetime":"2022-03-24T13:56:54.925829+01:00","extra":{}}
{"message":"SELECT COUNT(*) FROM `employee`","context":{"context":"Database","part":"prepareAndFetchColumn","extra":null},"level":200,"level_name":"INFO","channel":"s623c616d03eb9","datetime":"2022-03-24T13:56:54.927354+01:00","extra":{}}
{"message":"SELECT COUNT(*) FROM `order`","context":{"context":"Database","part":"prepareAndFetchColumn","extra":null},"level":200,"level_name":"INFO","channel":"s623c616d03eb9","datetime":"2022-03-24T13:56:54.928338+01:00","extra":{}}
{"message":"SELECT COUNT(*) FROM `orderdetail`","context":{"context":"Database","part":"prepareAndFetchColumn","extra":null},"level":200,"level_name":"INFO","channel":"s623c616d03eb9","datetime":"2022-03-24T13:56:54.929064+01:00","extra":{}}
{"message":"SELECT COUNT(*) FROM `product`","context":{"context":"Database","part":"prepareAndFetchColumn","extra":null},"level":200,"level_name":"INFO","channel":"s623c616d03eb9","datetime":"2022-03-24T13:56:54.929838+01:00","extra":{}}
{"message":"SELECT COUNT(*) FROM `section`","context":{"context":"Database","part":"prepareAndFetchColumn","extra":null},"level":200,"level_name":"INFO","channel":"s623c616d03eb9","datetime":"2022-03-24T13:56:54.930715+01:00","extra":{}}
{"message":"SELECT COUNT(*) FROM `slot`","context":{"context":"Database","part":"prepareAndFetchColumn","extra":null},"level":200,"level_name":"INFO","channel":"s623c616d03eb9","datetime":"2022-03-24T13:56:54.931403+01:00","extra":{}}
{"message":"SELECT COUNT(*) FROM `timeslot`","context":{"context":"Database","part":"prepareAndFetchColumn","extra":null},"level":200,"level_name":"INFO","channel":"s623c616d03eb9","datetime":"2022-03-24T13:56:54.932077+01:00","extra":{}}
{"message":"SELECT COUNT(*) FROM `user`","context":{"context":"Database","part":"prepareAndFetchColumn","extra":null},"level":200,"level_name":"INFO","channel":"s623c616d03eb9","datetime":"2022-03-24T13:56:54.932888+01:00","extra":{}}
